Arguments: 
  /usr/local/Cellar/node/8.1.4/bin/node /usr/local/bin/yarn

PATH: 
  /usr/local/bin:/usr/bin:/bin:/usr/sbin:/sbin:/opt/X11/bin

Yarn version: 
  0.27.5

Node version: 
  8.1.4

Platform: 
  darwin x64

npm manifest: 
  {
    "name": "energyexchange_service_api",
    "version": "0.2.7",
    "description": "Energo energy exchange service API",
    "author": "Sergi Uceda <sergi@energo.cn>",
    "main": "app.js",
    "scripts": {
      "start": "export NODE_ENV=development && nodemon app.js --trace-sync-io",
      "test": "export NODE_ENV=test && mocha ./test/* --timeout 30000",
      "lint": "standard --verbose --fix --global describe --global it | snazzy"
    },
    "engines": {
      "node": ">= 8",
      "npm": ">= 5"
    },
    "license": "ISC",
    "repository": {
      "type": "git",
      "url": "git@gitlab.energolabs.com:10022/EnergyExchange/energyexchage-service-api.git"
    },
    "devDependencies": {
      "chai": "^3.5.0",
      "chai-http": "^3.0.0",
      "faker": "^4.1.0",
      "mocha": "^3.2.0",
      "nodemon": "*",
      "should": "^11.2.0",
      "snazzy": "*",
      "standard": "10.0.2",
      "supertest": "^3.0.0"
    },
    "dependencies": {
      "async": "^2.1.4",
      "bcrypt": "^1.0.2",
      "bigchaindb-driver": "^0.3.0",
      "bluebird": "^3.5.0",
      "body-parser": "^1.16.0",
      "connect-roles": "^3.1.2",
      "express": "^4.15.2",
      "fs": "^0.0.1-security",
      "helmet": "^3.4.0",
      "http-status-codes": "^1.1.6",
      "json-stable-stringify": "^1.0.1",
      "jsonwebtoken": "^7.2.1",
      "mime": "^1.3.4",
      "mongodb": "^2.2.24",
      "mongoose": "^4.8.1",
      "morgan": "^1.7.0",
      "multer": "^1.3.0",
      "passport": "^0.3.2",
      "passport-jwt": "^2.2.1",
      "path": "^0.12.7",
      "pm2": "2.4.5",
      "qrcode": "0.8.1",
      "querystring": "^0.2.0",
      "rand-token": "^0.3.0",
      "request": "^2.79.0",
      "request-promise": "4.2.0",
      "socket.io": "^1.7.3",
      "speakeasy": "^2.0.0",
      "sprintf-js": "1.0.3",
      "underscore": "^1.8.3",
      "validator": "^6.2.1",
      "winston": "^2.3.1"
    }
  }

yarn manifest: 
  No manifest

Lockfile: 
  No lockfile

Trace: 
  Error: EEXIST: file already exists, mkdir '/Users/jose_duque/santos/energyexchage-service-api/node_modules/acorn-jsx'
